2020-10-31 10:22:08.374  INFO 13920 --- [restartedMain] c.d.management.ManagementApplication     : Starting ManagementApplication on DESKTOP-AHL2APA with PID 13920 (C:\Users\21547\Desktop\management-master\target\classes started by 21547 in C:\Users\21547\Desktop\management-master)
2020-10-31 10:22:08.377 DEBUG 13920 --- [restartedMain] c.d.management.ManagementApplication     : Running with Spring Boot v2.1.14.RELEASE, Spring v5.1.15.RELEASE
2020-10-31 10:22:08.378  INFO 13920 --- [restartedMain] c.d.management.ManagementApplication     : No active profile set, falling back to default profiles: default
2020-10-31 10:22:08.419  INFO 13920 --- [restartedMain] .e.DevToolsPropertyDefaultsPostProcessor : Devtools property defaults active! Set 'spring.devtools.add-properties' to 'false' to disable
2020-10-31 10:22:08.420  INFO 13920 --- [restartedMain] .e.DevToolsPropertyDefaultsPostProcessor : For additional web related logging consider setting the 'logging.level.web' property to 'DEBUG'
2020-10-31 10:22:09.320  INFO 13920 --- [restartedMain] trationDelegate$BeanPostProcessorChecker : Bean 'shiroConfig' of type [com.dandelion.management.config.ShiroConfig$$EnhancerBySpringCGLIB$$d86ccf1] is not eligible for getting processed by all BeanPostProcessors (for example: not eligible for auto-proxying)
2020-10-31 10:22:09.914  INFO 13920 --- [restartedMain] trationDelegate$BeanPostProcessorChecker : Bean 'mybatis-plus-com.baomidou.mybatisplus.autoconfigure.MybatisPlusProperties' of type [com.baomidou.mybatisplus.autoconfigure.MybatisPlusProperties] is not eligible for getting processed by all BeanPostProcessors (for example: not eligible for auto-proxying)
2020-10-31 10:22:09.923  INFO 13920 --- [restartedMain] trationDelegate$BeanPostProcessorChecker : Bean 'com.baomidou.mybatisplus.autoconfigure.MybatisPlusAutoConfiguration' of type [com.baomidou.mybatisplus.autoconfigure.MybatisPlusAutoConfiguration$$EnhancerBySpringCGLIB$$fa4039a1] is not eligible for getting processed by all BeanPostProcessors (for example: not eligible for auto-proxying)
2020-10-31 10:22:09.925  INFO 13920 --- [restartedMain] trationDelegate$BeanPostProcessorChecker : Bean 'com.alibaba.druid.spring.boot.autoconfigure.DruidDataSourceAutoConfigure' of type [com.alibaba.druid.spring.boot.autoconfigure.DruidDataSourceAutoConfigure$$EnhancerBySpringCGLIB$$d623c279] is not eligible for getting processed by all BeanPostProcessors (for example: not eligible for auto-proxying)
2020-10-31 10:22:09.926  INFO 13920 --- [restartedMain] c.a.d.s.b.a.DruidDataSourceAutoConfigure : Init DruidDataSource
2020-10-31 10:22:09.984  INFO 13920 --- [restartedMain] trationDelegate$BeanPostProcessorChecker : Bean 'spring.datasource-org.springframework.boot.autoconfigure.jdbc.DataSourceProperties' of type [org.springframework.boot.autoconfigure.jdbc.DataSourceProperties] is not eligible for getting processed by all BeanPostProcessors (for example: not eligible for auto-proxying)
2020-10-31 10:22:09.987  INFO 13920 --- [restartedMain] trationDelegate$BeanPostProcessorChecker : Bean 'com.alibaba.druid.spring.boot.autoconfigure.stat.DruidFilterConfiguration' of type [com.alibaba.druid.spring.boot.autoconfigure.stat.DruidFilterConfiguration] is not eligible for getting processed by all BeanPostProcessors (for example: not eligible for auto-proxying)
2020-10-31 10:22:10.006  INFO 13920 --- [restartedMain] trationDelegate$BeanPostProcessorChecker : Bean 'statFilter' of type [com.alibaba.druid.filter.stat.StatFilter] is not eligible for getting processed by all BeanPostProcessors (for example: not eligible for auto-proxying)
2020-10-31 10:22:10.935  INFO 13920 --- [restartedMain] com.alibaba.druid.pool.DruidDataSource   : {dataSource-1} inited
2020-10-31 10:22:10.936  INFO 13920 --- [restartedMain] trationDelegate$BeanPostProcessorChecker : Bean 'dataSource' of type [com.alibaba.druid.spring.boot.autoconfigure.DruidDataSourceWrapper] is not eligible for getting processed by all BeanPostProcessors (for example: not eligible for auto-proxying)
2020-10-31 10:22:11.890  INFO 13920 --- [restartedMain] trationDelegate$BeanPostProcessorChecker : Bean 'sqlSessionFactory' of type [org.apache.ibatis.session.defaults.DefaultSqlSessionFactory] is not eligible for getting processed by all BeanPostProcessors (for example: not eligible for auto-proxying)
2020-10-31 10:22:11.895  INFO 13920 --- [restartedMain] trationDelegate$BeanPostProcessorChecker : Bean 'sqlSessionTemplate' of type [org.mybatis.spring.SqlSessionTemplate] is not eligible for getting processed by all BeanPostProcessors (for example: not eligible for auto-proxying)
2020-10-31 10:22:12.115  INFO 13920 --- [restartedMain] trationDelegate$BeanPostProcessorChecker : Bean 'userMapper' of type [org.mybatis.spring.mapper.MapperFactoryBean] is not eligible for getting processed by all BeanPostProcessors (for example: not eligible for auto-proxying)
2020-10-31 10:22:12.118  INFO 13920 --- [restartedMain] trationDelegate$BeanPostProcessorChecker : Bean 'userMapper' of type [com.sun.proxy.$Proxy60] is not eligible for getting processed by all BeanPostProcessors (for example: not eligible for auto-proxying)
2020-10-31 10:22:12.142  INFO 13920 --- [restartedMain] trationDelegate$BeanPostProcessorChecker : Bean 'authorityMapper' of type [org.mybatis.spring.mapper.MapperFactoryBean] is not eligible for getting processed by all BeanPostProcessors (for example: not eligible for auto-proxying)
2020-10-31 10:22:12.143  INFO 13920 --- [restartedMain] trationDelegate$BeanPostProcessorChecker : Bean 'authorityMapper' of type [com.sun.proxy.$Proxy61] is not eligible for getting processed by all BeanPostProcessors (for example: not eligible for auto-proxying)
2020-10-31 10:22:12.164  INFO 13920 --- [restartedMain] trationDelegate$BeanPostProcessorChecker : Bean 'authorityGroupMapper' of type [org.mybatis.spring.mapper.MapperFactoryBean] is not eligible for getting processed by all BeanPostProcessors (for example: not eligible for auto-proxying)
2020-10-31 10:22:12.165  INFO 13920 --- [restartedMain] trationDelegate$BeanPostProcessorChecker : Bean 'authorityGroupMapper' of type [com.sun.proxy.$Proxy62] is not eligible for getting processed by all BeanPostProcessors (for example: not eligible for auto-proxying)
2020-10-31 10:22:12.165  INFO 13920 --- [restartedMain] trationDelegate$BeanPostProcessorChecker : Bean 'loginServiceImpl' of type [com.dandelion.management.service.impl.LoginServiceImpl] is not eligible for getting processed by all BeanPostProcessors (for example: not eligible for auto-proxying)
2020-10-31 10:22:12.166  INFO 13920 --- [restartedMain] trationDelegate$BeanPostProcessorChecker : Bean 'myShiroRealm' of type [com.dandelion.management.bean.CustomRealm] is not eligible for getting processed by all BeanPostProcessors (for example: not eligible for auto-proxying)
2020-10-31 10:22:12.169  INFO 13920 --- [restartedMain] trationDelegate$BeanPostProcessorChecker : Bean 'securityManager' of type [org.apache.shiro.web.mgt.DefaultWebSecurityManager] is not eligible for getting processed by all BeanPostProcessors (for example: not eligible for auto-proxying)
2020-10-31 10:22:12.206  INFO 13920 --- [restartedMain] trationDelegate$BeanPostProcessorChecker : Bean 'authorizationAttributeSourceAdvisor' of type [org.apache.shiro.spring.security.interceptor.AuthorizationAttributeSourceAdvisor] is not eligible for getting processed by all BeanPostProcessors (for example: not eligible for auto-proxying)
2020-10-31 10:22:12.468  INFO 13920 --- [restartedMain] o.s.b.w.embedded.tomcat.TomcatWebServer  : Tomcat initialized with port(s): 8080 (http)
2020-10-31 10:22:12.489  INFO 13920 --- [restartedMain] o.apache.catalina.core.StandardService   : Starting service [Tomcat]
2020-10-31 10:22:12.489  INFO 13920 --- [restartedMain] org.apache.catalina.core.StandardEngine  : Starting Servlet engine: [Apache Tomcat/9.0.34]
2020-10-31 10:22:12.671  INFO 13920 --- [restartedMain] o.a.c.c.C.[.[localhost].[/management]    : Initializing Spring embedded WebApplicationContext
2020-10-31 10:22:12.671  INFO 13920 --- [restartedMain] o.s.web.context.ContextLoader            : Root WebApplicationContext: initialization completed in 4251 ms
2020-10-31 10:22:13.479  INFO 13920 --- [restartedMain] o.s.s.concurrent.ThreadPoolTaskExecutor  : Initializing ExecutorService 'applicationTaskExecutor'
2020-10-31 10:22:13.560  INFO 13920 --- [restartedMain] o.s.b.a.w.s.WelcomePageHandlerMapping    : Adding welcome page: class path resource [static/index.html]
2020-10-31 10:22:13.606  WARN 13920 --- [restartedMain] org.thymeleaf.templatemode.TemplateMode  : [THYMELEAF][restartedMain] Template Mode 'HTML5' is deprecated. Using Template Mode 'HTML' instead.
2020-10-31 10:22:13.820  WARN 13920 --- [restartedMain] o.s.b.d.a.OptionalLiveReloadServer       : Unable to start LiveReload server
2020-10-31 10:22:14.136 ERROR 13920 --- [restartedMain] org.apache.catalina.util.LifecycleBase   : Failed to start component [Connector[HTTP/1.1-8080]]

org.apache.catalina.LifecycleException: Protocol handler start failed
	at org.apache.catalina.connector.Connector.startInternal(Connector.java:1066) ~[tomcat-embed-core-9.0.34.jar:9.0.34]
	at org.apache.catalina.util.LifecycleBase.start(LifecycleBase.java:183) ~[tomcat-embed-core-9.0.34.jar:9.0.34]
	at org.apache.catalina.core.StandardService.addConnector(StandardService.java:227) [tomcat-embed-core-9.0.34.jar:9.0.34]
	at org.springframework.boot.web.embedded.tomcat.TomcatWebServer.addPreviouslyRemovedConnectors(TomcatWebServer.java:263) [spring-boot-2.1.14.RELEASE.jar:2.1.14.RELEASE]
	at org.springframework.boot.web.embedded.tomcat.TomcatWebServer.start(TomcatWebServer.java:195) [spring-boot-2.1.14.RELEASE.jar:2.1.14.RELEASE]
	at org.springframework.boot.web.servlet.context.ServletWebServerApplicationContext.startWebServer(ServletWebServerApplicationContext.java:297) [spring-boot-2.1.14.RELEASE.jar:2.1.14.RELEASE]
	at org.springframework.boot.web.servlet.context.ServletWebServerApplicationContext.finishRefresh(ServletWebServerApplicationContext.java:163) [spring-boot-2.1.14.RELEASE.jar:2.1.14.RELEASE]
	at org.springframework.context.support.AbstractApplicationContext.refresh(AbstractApplicationContext.java:552) [spring-context-5.1.15.RELEASE.jar:5.1.15.RELEASE]
	at org.springframework.boot.web.servlet.context.ServletWebServerApplicationContext.refresh(ServletWebServerApplicationContext.java:141) [spring-boot-2.1.14.RELEASE.jar:2.1.14.RELEASE]
	at org.springframework.boot.SpringApplication.refresh(SpringApplication.java:744) [spring-boot-2.1.14.RELEASE.jar:2.1.14.RELEASE]
	at org.springframework.boot.SpringApplication.refreshContext(SpringApplication.java:391) [spring-boot-2.1.14.RELEASE.jar:2.1.14.RELEASE]
	at org.springframework.boot.SpringApplication.run(SpringApplication.java:312) [spring-boot-2.1.14.RELEASE.jar:2.1.14.RELEASE]
	at org.springframework.boot.SpringApplication.run(SpringApplication.java:1215) [spring-boot-2.1.14.RELEASE.jar:2.1.14.RELEASE]
	at org.springframework.boot.SpringApplication.run(SpringApplication.java:1204) [spring-boot-2.1.14.RELEASE.jar:2.1.14.RELEASE]
	at com.dandelion.management.ManagementApplication.main(ManagementApplication.java:16) [classes/:na]
	at sun.reflect.NativeMethodAccessorImpl.invoke0(Native Method) ~[na:1.8.0_241]
	at sun.reflect.NativeMethodAccessorImpl.invoke(NativeMethodAccessorImpl.java:62) ~[na:1.8.0_241]
	at sun.reflect.DelegatingMethodAccessorImpl.invoke(DelegatingMethodAccessorImpl.java:43) ~[na:1.8.0_241]
	at java.lang.reflect.Method.invoke(Method.java:498) ~[na:1.8.0_241]
	at org.springframework.boot.devtools.restart.RestartLauncher.run(RestartLauncher.java:49) [spring-boot-devtools-2.1.14.RELEASE.jar:2.1.14.RELEASE]
Caused by: java.net.BindException: Address already in use: bind
	at sun.nio.ch.Net.bind0(Native Method) ~[na:1.8.0_241]
	at sun.nio.ch.Net.bind(Net.java:433) ~[na:1.8.0_241]
	at sun.nio.ch.Net.bind(Net.java:425) ~[na:1.8.0_241]
	at sun.nio.ch.ServerSocketChannelImpl.bind(ServerSocketChannelImpl.java:223) ~[na:1.8.0_241]
	at sun.nio.ch.ServerSocketAdaptor.bind(ServerSocketAdaptor.java:74) ~[na:1.8.0_241]
	at org.apache.tomcat.util.net.NioEndpoint.initServerSocket(NioEndpoint.java:228) ~[tomcat-embed-core-9.0.34.jar:9.0.34]
	at org.apache.tomcat.util.net.NioEndpoint.bind(NioEndpoint.java:211) ~[tomcat-embed-core-9.0.34.jar:9.0.34]
	at org.apache.tomcat.util.net.AbstractEndpoint.bindWithCleanup(AbstractEndpoint.java:1141) ~[tomcat-embed-core-9.0.34.jar:9.0.34]
	at org.apache.tomcat.util.net.AbstractEndpoint.start(AbstractEndpoint.java:1227) ~[tomcat-embed-core-9.0.34.jar:9.0.34]
	at org.apache.coyote.AbstractProtocol.start(AbstractProtocol.java:592) ~[tomcat-embed-core-9.0.34.jar:9.0.34]
	at org.apache.catalina.connector.Connector.startInternal(Connector.java:1063) ~[tomcat-embed-core-9.0.34.jar:9.0.34]
	... 19 common frames omitted

2020-10-31 10:22:14.141  INFO 13920 --- [restartedMain] o.apache.catalina.core.StandardService   : Stopping service [Tomcat]
2020-10-31 10:22:14.149  INFO 13920 --- [restartedMain] ConditionEvaluationReportLoggingListener : 

Error starting ApplicationContext. To display the conditions report re-run your application with 'debug' enabled.
2020-10-31 10:22:14.154 ERROR 13920 --- [restartedMain] o.s.b.d.LoggingFailureAnalysisReporter   : 

***************************
APPLICATION FAILED TO START
***************************

Description:

The Tomcat connector configured to listen on port 8080 failed to start. The port may already be in use or the connector may be misconfigured.

Action:

Verify the connector's configuration, identify and stop any process that's listening on port 8080, or configure this application to listen on another port.

2020-10-31 10:22:14.158  INFO 13920 --- [restartedMain] o.s.s.concurrent.ThreadPoolTaskExecutor  : Shutting down ExecutorService 'applicationTaskExecutor'
2020-10-31 10:22:14.166  INFO 13920 --- [restartedMain] com.alibaba.druid.pool.DruidDataSource   : {dataSource-1} closed
